src/app/setup/SetupForm.tsx(294,25): error TS2322: Type '{ children: Element; fixed: true; background: string; fixedAboveKeyboard: boolean; showAfterDelay: { animation: string; delay: number; }; onClick: () => void; }' is not assignable to type 'IntrinsicAttributes & BottomCTASingleProps'.
  Property 'background' does not exist on type 'IntrinsicAttributes & BottomCTASingleProps'.
src/app/setup/SetupForm.tsx(297,25): error TS2578: Unused '@ts-expect-error' directive.
src/components/builder/sections/ClosingSection.tsx(133,33): error TS2578: Unused '@ts-expect-error' directive.
src/components/builder/sections/ClosingSection.tsx(149,29): error TS2578: Unused '@ts-expect-error' directive.
src/components/builder/sections/GreetingSection.tsx(230,33): error TS2578: Unused '@ts-expect-error' directive.
src/components/builder/sections/GreetingSection.tsx(246,29): error TS2578: Unused '@ts-expect-error' directive.
src/components/builder/sections/MainScreenSection.tsx(87,33): error TS2578: Unused '@ts-expect-error' directive.
src/components/builder/sections/MainScreenSection.tsx(103,29): error TS2578: Unused '@ts-expect-error' directive.
src/components/builder/sections/MainScreenSectionContent.tsx(16,10): error TS2305: Module '"@/constants/samples"' has no exported member 'STYLE_PRESETS'.
src/components/builder/sections/MainScreenSectionContent.tsx(38,33): error TS2339: Property 'imageUrl' does not exist on type '{ layout: "fill" | "frame" | "classic" | "minimal" | "english" | "heart" | "korean" | "arch" | "oval" | "basic"; showBorder: boolean; expandPhoto: boolean; effect: "none" | "mist" | "ripple"; ... 11 more ...; showDatePlace: boolean; }'.
src/components/builder/sections/MainScreenSectionContent.tsx(39,58): error TS2353: Object literal may only specify known properties, and 'imageUrl' does not exist in type 'Partial<{ layout: "fill" | "frame" | "classic" | "minimal" | "english" | "heart" | "korean" | "arch" | "oval" | "basic"; showBorder: boolean; expandPhoto: boolean; effect: "none" | "mist" | "ripple"; ... 11 more ...; showDatePlace: boolean; }>'.
src/components/builder/sections/MainScreenSectionContent.tsx(40,35): error TS2339: Property 'imageRatio' does not exist on type '{ layout: "fill" | "frame" | "classic" | "minimal" | "english" | "heart" | "korean" | "arch" | "oval" | "basic"; showBorder: boolean; expandPhoto: boolean; effect: "none" | "mist" | "ripple"; ... 11 more ...; showDatePlace: boolean; }'.
src/components/builder/sections/MainScreenSectionContent.tsx(41,78): error TS2353: Object literal may only specify known properties, and 'imageRatio' does not exist in type 'Partial<{ layout: "fill" | "frame" | "classic" | "minimal" | "english" | "heart" | "korean" | "arch" | "oval" | "basic"; showBorder: boolean; expandPhoto: boolean; effect: "none" | "mist" | "ripple"; ... 11 more ...; showDatePlace: boolean; }>'.
src/components/builder/sections/MainScreenSectionContent.tsx(55,57): error TS7006: Parameter 'p' implicitly has an 'any' type.
src/components/builder/sections/MainScreenSectionContent.tsx(64,25): error TS2322: Type '(url: string) => void' is not assignable to type '(value: string | null) => void'.
  Types of parameters 'url' and 'value' are incompatible.
    Type 'string | null' is not assignable to type 'string'.
      Type 'null' is not assignable to type 'string'.
src/components/builder/sections/MainScreenSectionContent.tsx(67,25): error TS2322: Type '(ratio: "4/5" | "1/1" | "auto") => void' is not assignable to type '(value: "fixed" | "auto") => void'.
  Types of parameters 'ratio' and 'value' are incompatible.
    Type '"fixed" | "auto"' is not assignable to type '"auto" | "1/1" | "4/5"'.
      Type '"fixed"' is not assignable to type '"auto" | "1/1" | "4/5"'.
src/components/builder/sections/MainScreenSectionContent.tsx(116,45): error TS7006: Parameter 'preset' implicitly has an 'any' type.
src/components/builder/sections/MainScreenSectionContent.tsx(116,53): error TS7006: Parameter 'index' implicitly has an 'any' type.
src/components/common/Header/Header.tsx(11,22): error TS2305: Module '"@/components/ui"' has no exported member 'Top'.
