scripts/cleanup-auth-users.ts(3,20): error TS2307: Cannot find module 'dotenv' or its corresponding type declarations.
scripts/cleanup-users.ts(3,20): error TS2307: Cannot find module 'dotenv' or its corresponding type declarations.
src/components/builder/sections/GreetingSection.tsx(215,56): error TS2345: Argument of type 'ExampleItem' is not assignable to parameter of type '{ subtitle: string; title: string; message: string; }'.
  Property 'message' is missing in type 'ExampleItem' but required in type '{ subtitle: string; title: string; message: string; }'.
test-db.ts(3,20): error TS2307: Cannot find module 'dotenv' or its corresponding type declarations.
